*** Using Compiler 'V6.22', folder: 'C:\Users\87407\AppData\Local\Keil_v5\ARM\ARMCLANG\Bin'
Rebuild target 'DPO_KEIL'
compiling stm32g4xx_it.c...
compiling stm32g4xx_ll_adc.c...
compiling stm32g4xx_hal.c...
compiling stm32g4xx_hal_flash_ramfunc.c...
assembling startup_stm32g474xx.s...
compiling stm32g4xx_hal_gpio.c...
compiling stm32g4xx_hal_msp.c...
compiling stm32g4xx_hal_dma.c...
compiling main.c...
compiling stm32g4xx_hal_flash.c...
compiling stm32g4xx_hal_exti.c...
compiling stm32g4xx_hal_rcc_ex.c...
compiling stm32g4xx_hal_rcc.c...
compiling stm32g4xx_hal_dma_ex.c...
compiling stm32g4xx_hal_flash_ex.c...
compiling stm32g4xx_hal_adc_ex.c...
compiling stm32g4xx_hal_adc.c...
compiling stm32g4xx_hal_pwr.c...
compiling stm32g4xx_hal_cortex.c...
compiling stm32g4xx_hal_spi_ex.c...
compiling stm32g4xx_hal_pwr_ex.c...
compiling stm32g4xx_hal_pcd_ex.c...
compiling system_stm32g4xx.c...
compiling stm32g4xx_hal_uart_ex.c...
compiling stm32g4xx_hal_pcd.c...
compiling stm32g4xx_ll_usb.c...
compiling stm32g4xx_hal_spi.c...
compiling stm32g4xx_hal_uart.c...
linking...
Program Size: Code=12160 RO-data=584 RW-data=12 ZI-data=2940  
FromELF: creating hex file...
"DPO_KEIL\DPO_KEIL.axf" - 0 Error(s), 0 Warning(s).
Build Time Elapsed:  00:00:05
